<?xml version="1.0" encoding="UTF-8"?>
<testsuite xmlns:xsi="http://www.w3.org/2001/XMLSchema-instance" xsi:noNamespaceSchemaLocation="https://maven.apache.org/surefire/maven-surefire-plugin/xsd/surefire-test-report-3.0.xsd" version="3.0" name="com.example.EvenCheckerTest" time="0.16" tests="10" errors="0" skipped="0" failures="0">
  <properties>
    <property name="java.specification.version" value="23"/>
    <property name="sun.jnu.encoding" value="UTF-8"/>
    <property name="java.class.path" value="/Users/aayushkumar/Desktop/Junit/JUnitAdvanced/target/test-classes:/Users/aayushkumar/Desktop/Junit/JUnitAdvanced/target/classes:/Users/aayushkumar/.m2/repository/org/junit/jupiter/junit-jupiter/5.10.0/junit-jupiter-5.10.0.jar:/Users/aayushkumar/.m2/repository/org/junit/jupiter/junit-jupiter-api/5.10.0/junit-jupiter-api-5.10.0.jar:/Users/aayushkumar/.m2/repository/org/opentest4j/opentest4j/1.3.0/opentest4j-1.3.0.jar:/Users/aayushkumar/.m2/repository/org/junit/jupiter/junit-jupiter-engine/5.10.0/junit-jupiter-engine-5.10.0.jar:/Users/aayushkumar/.m2/repository/org/junit/platform/junit-platform-engine/1.10.0/junit-platform-engine-1.10.0.jar:/Users/aayushkumar/.m2/repository/org/junit/platform/junit-platform-suite-api/1.10.0/junit-platform-suite-api-1.10.0.jar:/Users/aayushkumar/.m2/repository/org/junit/platform/junit-platform-commons/1.10.0/junit-platform-commons-1.10.0.jar:/Users/aayushkumar/.m2/repository/org/apiguardian/apiguardian-api/1.1.2/apiguardian-api-1.1.2.jar:/Users/aayushkumar/.m2/repository/org/junit/jupiter/junit-jupiter-params/5.10.0/junit-jupiter-params-5.10.0.jar:"/>
    <property name="java.vm.vendor" value="Homebrew"/>
    <property name="sun.arch.data.model" value="64"/>
    <property name="java.vendor.url" value="https://github.com/Homebrew/homebrew-core/issues"/>
    <property name="os.name" value="Mac OS X"/>
    <property name="java.vm.specification.version" value="23"/>
    <property name="sun.java.launcher" value="SUN_STANDARD"/>
    <property name="user.country" value="US"/>
    <property name="sun.boot.library.path" value="/usr/local/Cellar/openjdk/23.0.2/libexec/openjdk.jdk/Contents/Home/lib"/>
    <property name="sun.java.command" value="/Users/aayushkumar/Desktop/Junit/JUnitAdvanced/target/surefire/surefirebooter-20250630114024401_3.jar /Users/aayushkumar/Desktop/Junit/JUnitAdvanced/target/surefire 2025-06-30T11-40-22_619-jvmRun1 surefire-20250630114024401_1tmp surefire_0-20250630114024401_2tmp"/>
    <property name="http.nonProxyHosts" value="local|*.local|169.254/16|*.169.254/16"/>
    <property name="jdk.debug" value="release"/>
    <property name="surefire.test.class.path" value="/Users/aayushkumar/Desktop/Junit/JUnitAdvanced/target/test-classes:/Users/aayushkumar/Desktop/Junit/JUnitAdvanced/target/classes:/Users/aayushkumar/.m2/repository/org/junit/jupiter/junit-jupiter/5.10.0/junit-jupiter-5.10.0.jar:/Users/aayushkumar/.m2/repository/org/junit/jupiter/junit-jupiter-api/5.10.0/junit-jupiter-api-5.10.0.jar:/Users/aayushkumar/.m2/repository/org/opentest4j/opentest4j/1.3.0/opentest4j-1.3.0.jar:/Users/aayushkumar/.m2/repository/org/junit/jupiter/junit-jupiter-engine/5.10.0/junit-jupiter-engine-5.10.0.jar:/Users/aayushkumar/.m2/repository/org/junit/platform/junit-platform-engine/1.10.0/junit-platform-engine-1.10.0.jar:/Users/aayushkumar/.m2/repository/org/junit/platform/junit-platform-suite-api/1.10.0/junit-platform-suite-api-1.10.0.jar:/Users/aayushkumar/.m2/repository/org/junit/platform/junit-platform-commons/1.10.0/junit-platform-commons-1.10.0.jar:/Users/aayushkumar/.m2/repository/org/apiguardian/apiguardian-api/1.1.2/apiguardian-api-1.1.2.jar:/Users/aayushkumar/.m2/repository/org/junit/jupiter/junit-jupiter-params/5.10.0/junit-jupiter-params-5.10.0.jar:"/>
    <property name="sun.cpu.endian" value="little"/>
    <property name="user.home" value="/Users/aayushkumar"/>
    <property name="user.language" value="en"/>
    <property name="java.specification.vendor" value="Oracle Corporation"/>
    <property name="java.version.date" value="2025-01-21"/>
    <property name="java.home" value="/usr/local/Cellar/openjdk/23.0.2/libexec/openjdk.jdk/Contents/Home"/>
    <property name="file.separator" value="/"/>
    <property name="basedir" value="/Users/aayushkumar/Desktop/Junit/JUnitAdvanced"/>
    <property name="java.vm.compressedOopsMode" value="Zero based"/>
    <property name="line.separator" value="&#10;"/>
    <property name="java.vm.specification.vendor" value="Oracle Corporation"/>
    <property name="java.specification.name" value="Java Platform API Specification"/>
    <property name="apple.awt.application.name" value="ForkedBooter"/>
    <property name="surefire.real.class.path" value="/Users/aayushkumar/Desktop/Junit/JUnitAdvanced/target/surefire/surefirebooter-20250630114024401_3.jar"/>
    <property name="sun.management.compiler" value="HotSpot 64-Bit Tiered Compilers"/>
    <property name="ftp.nonProxyHosts" value="local|*.local|169.254/16|*.169.254/16"/>
    <property name="java.runtime.version" value="23.0.2"/>
    <property name="user.name" value="aayushkumar"/>
    <property name="stdout.encoding" value="UTF-8"/>
    <property name="path.separator" value=":"/>
    <property name="os.version" value="13.7.6"/>
    <property name="java.runtime.name" value="OpenJDK Runtime Environment"/>
    <property name="file.encoding" value="UTF-8"/>
    <property name="java.vm.name" value="OpenJDK 64-Bit Server VM"/>
    <property name="java.vendor.version" value="Homebrew"/>
    <property name="localRepository" value="/Users/aayushkumar/.m2/repository"/>
    <property name="java.vendor.url.bug" value="https://github.com/Homebrew/homebrew-core/issues"/>
    <property name="java.io.tmpdir" value="/var/folders/s6/w6k_05ns6pxd9jxzctqt5gq00000gp/T/"/>
    <property name="java.version" value="23.0.2"/>
    <property name="user.dir" value="/Users/aayushkumar/Desktop/Junit/JUnitAdvanced"/>
    <property name="os.arch" value="x86_64"/>
    <property name="java.vm.specification.name" value="Java Virtual Machine Specification"/>
    <property name="native.encoding" value="UTF-8"/>
    <property name="java.library.path" value="/Users/aayushkumar/Library/Java/Extensions:/Library/Java/Extensions:/Network/Library/Java/Extensions:/System/Library/Java/Extensions:/usr/lib/java:."/>
    <property name="java.vm.info" value="mixed mode, sharing"/>
    <property name="stderr.encoding" value="UTF-8"/>
    <property name="java.vendor" value="Homebrew"/>
    <property name="java.vm.version" value="23.0.2"/>
    <property name="sun.io.unicode.encoding" value="UnicodeBig"/>
    <property name="socksNonProxyHosts" value="local|*.local|169.254/16|*.169.254/16"/>
    <property name="java.class.version" value="67.0"/>
  </properties>
  <testcase name="testOddNumbers(int)[1]" classname="com.example.EvenCheckerTest" time="0.041"/>
  <testcase name="testOddNumbers(int)[2]" classname="com.example.EvenCheckerTest" time="0.001"/>
  <testcase name="testOddNumbers(int)[3]" classname="com.example.EvenCheckerTest" time="0.002"/>
  <testcase name="testOddNumbers(int)[4]" classname="com.example.EvenCheckerTest" time="0.001"/>
  <testcase name="testOddNumbers(int)[5]" classname="com.example.EvenCheckerTest" time="0.001"/>
  <testcase name="testEvenNumbers(int)[1]" classname="com.example.EvenCheckerTest" time="0.002"/>
  <testcase name="testEvenNumbers(int)[2]" classname="com.example.EvenCheckerTest" time="0.002"/>
  <testcase name="testEvenNumbers(int)[3]" classname="com.example.EvenCheckerTest" time="0.001"/>
  <testcase name="testEvenNumbers(int)[4]" classname="com.example.EvenCheckerTest" time="0.001"/>
  <testcase name="testEvenNumbers(int)[5]" classname="com.example.EvenCheckerTest" time="0.003"/>
</testsuite>